#
# There is insufficient memory for the Java Runtime Environment to continue.
# Native memory allocation (mmap) failed to map 134217728 bytes for G1 virtual space
# Possible reasons:
#   The system is out of physical RAM or swap space
#   The process is running with CompressedOops enabled, and the Java Heap may be blocking the growth of the native heap
# Possible solutions:
#   Reduce memory load on the system
#   Increase physical memory or swap space
#   Check if swap backing store is full
#   Decrease Java heap size (-Xmx/-Xms)
#   Decrease number of Java threads
#   Decrease Java thread stack sizes (-Xss)
#   Set larger code cache with -XX:ReservedCodeCacheSize=
#   JVM is running with Unscaled Compressed Oops mode in which the Java heap is
#     placed in the first 4GB address space. The Java Heap base address is the
#     maximum limit for the native heap growth. Please use -XX:HeapBaseMinAddress
#     to set the Java Heap base and to place the Java Heap above 4GB virtual address.
# This output file may be truncated or incomplete.
#
#  Out of Memory Error (os_windows.cpp:3769), pid=7772, tid=10380
#
# JRE version:  (17.0.6+10) (build )
# Java VM: OpenJDK 64-Bit Server VM (17.0.6+10-b829.9, mixed mode, sharing, tiered, compressed oops, compressed class ptrs, g1 gc, windows-amd64)
# No core dump will be written. Minidumps are not enabled by default on client versions of Windows
#

---------------  S U M M A R Y ------------

Command Line: -Djava.rmi.server.hostname=127.0.0.1 -Duser.timezone=UTC -Xmx1500m -Xms128m --add-exports=java.desktop/sun.awt=ALL-UNNAMED --add-exports=java.desktop/java.awt.peer=ALL-UNNAMED --add-opens=java.desktop/java.awt=ALL-UNNAMED --add-opens=jdk.unsupported/sun.misc=ALL-UNNAMED --add-opens=java.base/java.nio=ALL-UNNAMED --add-opens=java.base/java.util=ALL-UNNAMED -Dfile.encoding=UTF-8 com.intellij.database.remote.RemoteJdbcServer com.mysql.cj.jdbc.Driver

Host: AMD Ryzen 5 5600H with Radeon Graphics         , 12 cores, 13G,  Windows 10 , 64 bit Build 19041 (10.0.19041.2788)
Time: Tue May  9 23:38:27 2023  Windows 10 , 64 bit Build 19041 (10.0.19041.2788) elapsed time: 0.013418 seconds (0d 0h 0m 0s)

---------------  T H R E A D  ---------------

Current thread (0x000002296ed11910):  JavaThread "Unknown thread" [_thread_in_vm, id=10380, stack(0x0000005c35a00000,0x0000005c35b00000)]

Stack: [0x0000005c35a00000,0x0000005c35b00000]
Native frames: (J=compiled Java code, j=interpreted, Vv=VM code, C=native code)
V  [jvm.dll+0x683c5a]
V  [jvm.dll+0x842764]
V  [jvm.dll+0x843f5e]
V  [jvm.dll+0x8445c3]
V  [jvm.dll+0x249b75]
V  [jvm.dll+0x680b29]
V  [jvm.dll+0x67501a]
V  [jvm.dll+0x309acb]
V  [jvm.dll+0x310f86]
V  [jvm.dll+0x3608ee]
V  [jvm.dll+0x360b1f]
V  [jvm.dll+0x2dfbf8]
V  [jvm.dll+0x2e0b64]
V  [jvm.dll+0x814051]
V  [jvm.dll+0x36e6a1]
V  [jvm.dll+0x7f358c]
V  [jvm.dll+0x3f0e8f]
V  [jvm.dll+0x3f29d1]
C  [jli.dll+0x526b]
C  [ucrtbase.dll+0x21bb2]
C  [KERNEL32.DLL+0x17604]
C  [ntdll.dll+0x526a1]


---------------  P R O C E S S  ---------------

Threads class SMR info:
_java_thread_list=0x00007ff895a4c058, length=0, elements={
}

Java Threads: ( => current thread )

Other Threads:
  0x000002296ed5c4a0 GCTaskThread "GC Thread#0" [stack: 0x0000005c35b00000,0x0000005c35c00000] [id=18560]
  0x000002296ed68d70 ConcurrentGCThread "G1 Main Marker" [stack: 0x0000005c35c00000,0x0000005c35d00000] [id=19252]
  0x000002296ed6b5a0 ConcurrentGCThread "G1 Conc#0" [stack: 0x0000005c35d00000,0x0000005c35e00000] [id=18612]

[error occurred during error reporting (printing all threads), id 0xc0000005, EXCEPTION_ACCESS_VIOLATION (0xc0000005) at pc=0x00007ff895200797]

VM state: not at safepoint (not fully initialized)

VM Mutex/Monitor currently owned by a thread:  ([mutex/lock_event])
[0x000002296ed0cf30] Heap_lock - owner thread: 0x000002296ed11910

Heap address: 0x00000000a2400000, size: 1500 MB, Compressed Oops mode: 32-bit

CDS archive(s) mapped at: [0x0000000000000000-0x0000000000000000-0x0000000000000000), size 0, SharedBaseAddress: 0x0000000800000000, ArchiveRelocationMode: 0.
Narrow klass base: 0x0000000000000000, Narrow klass shift: 0, Narrow klass range: 0x0

GC Precious Log:
<Empty>

Heap:
 garbage-first heap   total 0K, used 0K [0x00000000a2400000, 0x0000000100000000)
  region size 1024K, 0 young (0K), 0 survivors (0K)

[error occurred during error reporting (printing heap information), id 0xc0000005, EXCEPTION_ACCESS_VIOLATION (0xc0000005) at pc=0x00007ff8955eda49]

GC Heap History (0 events):
No events

Dll operation events (1 events):
Event: 0.008 Loaded shared library D:\JetBrains Rider 2023.1.1\jbr\bin\java.dll

Deoptimization events (0 events):
No events

Classes unloaded (0 events):
No events

Classes redefined (0 events):
No events

Internal exceptions (0 events):
No events

VM Operations (0 events):
No events

Events (0 events):
No events


Dynamic libraries:
0x00007ff7db9f0000 - 0x00007ff7db9fa000 	D:\JetBrains Rider 2023.1.1\jbr\bin\java.exe
0x00007ff8d6850000 - 0x00007ff8d6a48000 	C:\WINDOWS\SYSTEM32\ntdll.dll
0x00007ff8d62e0000 - 0x00007ff8d639f000 	C:\WINDOWS\System32\KERNEL32.DLL
0x00007ff8d4180000 - 0x00007ff8d445a000 	C:\WINDOWS\System32\KERNELBASE.dll
0x00007ff8d45c0000 - 0x00007ff8d46c0000 	C:\WINDOWS\System32\ucrtbase.dll
0x00007ff8c7320000 - 0x00007ff8c7337000 	D:\JetBrains Rider 2023.1.1\jbr\bin\jli.dll
0x00007ff8ca710000 - 0x00007ff8ca72b000 	D:\JetBrains Rider 2023.1.1\jbr\bin\VCRUNTIME140.dll
0x00007ff8d6120000 - 0x00007ff8d62bd000 	C:\WINDOWS\System32\USER32.dll
0x00007ff8bfb80000 - 0x00007ff8bfe1a000 	C:\WINDOWS\WinSxS\amd64_microsoft.windows.common-controls_6595b64144ccf1df_6.0.19041.1110_none_60b5254171f9507e\COMCTL32.dll
0x00007ff8d4880000 - 0x00007ff8d48a2000 	C:\WINDOWS\System32\win32u.dll
0x00007ff8d4f30000 - 0x00007ff8d4fce000 	C:\WINDOWS\System32\msvcrt.dll
0x00007ff8d5a20000 - 0x00007ff8d5a4b000 	C:\WINDOWS\System32\GDI32.dll
0x00007ff8d3f60000 - 0x00007ff8d4070000 	C:\WINDOWS\System32\gdi32full.dll
0x00007ff8d40e0000 - 0x00007ff8d417d000 	C:\WINDOWS\System32\msvcp_win.dll
0x00007ff8d5c00000 - 0x00007ff8d5c30000 	C:\WINDOWS\System32\IMM32.DLL
0x00007ff8cc030000 - 0x00007ff8cc03c000 	D:\JetBrains Rider 2023.1.1\jbr\bin\vcruntime140_1.dll
0x00007ff8c26c0000 - 0x00007ff8c274d000 	D:\JetBrains Rider 2023.1.1\jbr\bin\msvcp140.dll
0x00007ff894f10000 - 0x00007ff895b7e000 	D:\JetBrains Rider 2023.1.1\jbr\bin\server\jvm.dll
0x00007ff8d4cd0000 - 0x00007ff8d4d7e000 	C:\WINDOWS\System32\ADVAPI32.dll
0x00007ff8d5110000 - 0x00007ff8d51ac000 	C:\WINDOWS\System32\sechost.dll
0x00007ff8d5ff0000 - 0x00007ff8d6116000 	C:\WINDOWS\System32\RPCRT4.dll
0x00007ff8ce0b0000 - 0x00007ff8ce0b9000 	C:\WINDOWS\SYSTEM32\WSOCK32.dll
0x00007ff8c8890000 - 0x00007ff8c88b7000 	C:\WINDOWS\SYSTEM32\WINMM.dll
0x00007ff8c9050000 - 0x00007ff8c905a000 	C:\WINDOWS\SYSTEM32\VERSION.dll
0x00007ff8d4fd0000 - 0x00007ff8d503b000 	C:\WINDOWS\System32\WS2_32.dll
0x00007ff8d2770000 - 0x00007ff8d2782000 	C:\WINDOWS\SYSTEM32\kernel.appcore.dll
0x00007ff8cbf30000 - 0x00007ff8cbf3a000 	D:\JetBrains Rider 2023.1.1\jbr\bin\jimage.dll
0x00007ff8d1db0000 - 0x00007ff8d1f94000 	C:\WINDOWS\SYSTEM32\DBGHELP.DLL
0x00007ff8c7fe0000 - 0x00007ff8c8014000 	C:\WINDOWS\SYSTEM32\dbgcore.DLL
0x00007ff8d4770000 - 0x00007ff8d47f2000 	C:\WINDOWS\System32\bcryptPrimitives.dll
0x00007ff8cbf00000 - 0x00007ff8cbf25000 	D:\JetBrains Rider 2023.1.1\jbr\bin\java.dll

dbghelp: loaded successfully - version: 4.0.5 - missing functions: none
symbol engine: initialized successfully - sym options: 0x614 - pdb path: .;D:\JetBrains Rider 2023.1.1\jbr\bin;C:\WINDOWS\SYSTEM32;C:\WINDOWS\WinSxS\amd64_microsoft.windows.common-controls_6595b64144ccf1df_6.0.19041.1110_none_60b5254171f9507e;D:\JetBrains Rider 2023.1.1\jbr\bin\server

VM Arguments:
jvm_args: -Djava.rmi.server.hostname=127.0.0.1 -Duser.timezone=UTC -Xmx1500m -Xms128m --add-exports=java.desktop/sun.awt=ALL-UNNAMED --add-exports=java.desktop/java.awt.peer=ALL-UNNAMED --add-opens=java.desktop/java.awt=ALL-UNNAMED --add-opens=jdk.unsupported/sun.misc=ALL-UNNAMED --add-opens=java.base/java.nio=ALL-UNNAMED --add-opens=java.base/java.util=ALL-UNNAMED -Dfile.encoding=UTF-8 
java_command: com.intellij.database.remote.RemoteJdbcServer com.mysql.cj.jdbc.Driver
java_class_path (initial): D:\JetBrains Rider 2023.1.1\lib\util_rt.jar;D:\JetBrains Rider 2023.1.1\lib\util-8.jar;D:\JetBrains Rider 2023.1.1\lib\groovy.jar;D:\JetBrains Rider 2023.1.1\plugins\DatabaseTools\lib\jdbc-console.jar;D:\JetBrains Rider 2023.1.1\plugins\grid-core-impl\lib\jdbc-console-types.jar;D:\JetBrains Rider 2023.1.1\lib\util.jar;C:\Users\Иван\AppData\Roaming\JetBrains\Rider2023.1\jdbc-drivers\MySQL ConnectorJ\8.0.25\mysql-connector-java-8.0.25.jar
Launcher Type: SUN_STANDARD

[Global flags]
     intx CICompilerCount                          = 4                                         {product} {ergonomic}
     uint ConcGCThreads                            = 3                                         {product} {ergonomic}
     uint G1ConcRefinementThreads                  = 10                                        {product} {ergonomic}
   size_t G1HeapRegionSize                         = 1048576                                   {product} {ergonomic}
    uintx GCDrainStackTargetSize                   = 64                                        {product} {ergonomic}
   size_t InitialHeapSize                          = 134217728                                 {product} {command line}
   size_t MarkStackSize                            = 4194304                                   {product} {ergonomic}
   size_t MaxHeapSize                              = 1572864000                                {product} {command line}
   size_t MinHeapDeltaBytes                        = 1048576                                   {product} {ergonomic}
   size_t MinHeapSize                              = 134217728                                 {product} {command line}
    uintx NonNMethodCodeHeapSize                   = 5839372                                {pd product} {ergonomic}
    uintx NonProfiledCodeHeapSize                  = 122909434                              {pd product} {ergonomic}
    uintx ProfiledCodeHeapSize                     = 122909434                              {pd product} {ergonomic}
    uintx ReservedCodeCacheSize                    = 251658240                              {pd product} {ergonomic}
     bool SegmentedCodeCache                       = true                                      {product} {ergonomic}
   size_t SoftMaxHeapSize                          = 1572864000                             {manageable} {ergonomic}
     bool UseCompressedClassPointers               = true                           {product lp64_product} {ergonomic}
     bool UseCompressedOops                        = true                           {product lp64_product} {ergonomic}
     bool UseG1GC                                  = true                                      {product} {ergonomic}
     bool UseLargePagesIndividualAllocation        = false                                  {pd product} {ergonomic}

Logging:
Log output configuration:
 #0: stdout all=warning uptime,level,tags
 #1: stderr all=off uptime,level,tags

Environment Variables:
JAVA_HOME=C:\Program Files\Java\jdk-17.0.6
PATH=C:\Program Files\Microsoft\jdk-11.0.16.101-hotspot\bin;C:\Program Files (x86)\NVIDIA Corporation\PhysX\Common;C:\Program Files (x86)\Common Files\Oracle\Java\javapath;C:\ProgramData\Oracle\Java\javapath;D:\bin\;C:\Windows\system32;C:\Windows;C:\Windows\System32\Wbem;C:\Windows\System32\WindowsPowerShell\v1.0\;C:\Windows\System32\OpenSSH\;C:\Program Files\Microsoft SQL Server\150\Tools\Binn\;C:\Program Files\Microsoft SQL Server\Client SDK\ODBC\170\Tools\Binn\;C:\Program Files\dotnet\;C:\WINDOWS\system32;C:\WINDOWS;C:\WINDOWS\System32\Wbem;C:\WINDOWS\System32\WindowsPowerShell\v1.0\;C:\WINDOWS\System32\OpenSSH\;C:\Program Files\Git\cmd;C:\Program Files (x86)\Microsoft SQL Server\150\Tools\Binn\;C:\Program Files\Microsoft SQL Server\150\DTS\Binn\;C:\Program Files\Azure Data Studio\bin;C:\Program Files\NVIDIA Corporation\NVIDIA NvDLISR;C:\Program Files (x86)\Microsoft SQL Server\160\Tools\Binn\;C:\Program Files\Microsoft SQL Server\160\Tools\Binn\;C:\Program Files\Microsoft SQL Server\160\DTS\Binn\;C:\Program Files\Docker\Docker\resources\bin;C:\Users\Иван\AppData\Local\Programs\Python\Python311\Scripts\;C:\Users\Иван\AppData\Local\Programs\Python\Python311\;C:\Windows\System32;D:\Microsoft VS Code\bin;C:\apache-maven-3.8.7\bin;C:\Program Files\JetBrains\IntelliJ IDEA Community Edition 2022.3.2\bin;C:\Program Files\JetBrains\PhpStorm 2022.3.2\bin;;C:\Users\Иван\.dotnet\tools
USERNAME=Иван
OS=Windows_NT
PROCESSOR_IDENTIFIER=AMD64 Family 25 Model 80 Stepping 0, AuthenticAMD
TMP=C:\Users\3C8A~1\AppData\Local\Temp
TEMP=C:\Users\3C8A~1\AppData\Local\Temp


JNI global refs:

[error occurred during error reporting (JNI global references), id 0xc0000005, EXCEPTION_ACCESS_VIOLATION (0xc0000005) at pc=0x00007ff894fc7a10]


---------------  S Y S T E M  ---------------

OS:
 Windows 10 , 64 bit Build 19041 (10.0.19041.2788)
OS uptime: 0 days 5:59 hours
Hyper-V role detected

CPU: total 12 (initial active 12) (12 cores per cpu, 2 threads per core) family 25 model 80 stepping 0 microcode 0x0, cx8, cmov, fxsr, ht, mmx, 3dnowpref, sse, sse2, sse3, ssse3, sse4a, sse4.1, sse4.2, popcnt, lzcnt, tsc, tscinvbit, avx, avx2, aes, erms, clmul, bmi1, bmi2, adx, sha, fma, vzeroupper, clflush, clflushopt, hv

Memory: 4k page, system-wide physical 14188M (2372M free)
TotalPageFile size 17688M (AvailPageFile size 32M)
current process WorkingSet (physical memory assigned to process): 10M, peak: 10M
current process commit charge ("private bytes"): 64M, peak: 192M

vm_info: OpenJDK 64-Bit Server VM (17.0.6+10-b829.9) for windows-amd64 JRE (17.0.6+10-b829.9), built on 2023-04-09 by "builduser" with MS VC++ 16.10 / 16.11 (VS2019)

END.
